<?xml version="1.0" encoding="UTF-8"?>
<!-- Generated by org.testng.reporters.JUnitReportReporter -->
<testsuite hostname="DESKTOP-5ICMDD7" failures="0" tests="1" name="testNG.Camp" time="0.004" errors="0" timestamp="2022-05-26T10:46:56 IST" skipped="0">
  <testcase classname="testNG.Camp" name="createCamp" time="0.004"/>
  <system-out/>
</testsuite> <!-- testNG.Camp -->
